# JRE version: OpenJDK Runtime Environment (11.0.15) (build 11.0.15+0-b2043.56-8887301)
# Java VM: OpenJDK 64-Bit Server VM (11.0.15+0-b2043.56-8887301, mixed mode, tiered, compressed oops, g1 gc, windows-amd64)
Heap:
 garbage-first heap   total 364544K, used 282935K [0x0000000080000000, 0x0000000100000000)
  region size 1024K, 76 young (77824K), 7 survivors (7168K)
 Metaspace       used 108132K, capacity 111345K, committed 111964K, reserved 1146880K
  class space    used 14102K, capacity 15413K, committed 15616K, reserved 1048576K
GC Heap History (20 events):
Event: 10.017 GC heap before
{Heap before GC invocations=15 (full 0):
 garbage-first heap   total 251904K, used 149071K [0x0000000080000000, 0x0000000100000000)
  region size 1024K, 59 young (60416K), 7 survivors (7168K)
 Metaspace       used 97882K, capacity 100763K, committed 100956K, reserved 1136640K
  class space    used 12612K, capacity 13721K, committed 13824K, reserved 1048576K
}
Event: 10.024 GC heap after
{Heap after GC invocations=16 (full 0):
 garbage-first heap   total 251904K, used 101625K [0x0000000080000000, 0x0000000100000000)
  region size 1024K, 10 young (10240K), 10 survivors (10240K)
 Metaspace       used 97882K, capacity 100763K, committed 100956K, reserved 1136640K
  class space    used 12612K, capacity 13721K, committed 13824K, reserved 1048576K
}
Event: 10.176 GC heap before
{Heap before GC invocations=17 (full 0):
 garbage-first heap   total 251904K, used 204025K [0x0000000080000000, 0x0000000100000000)
  region size 1024K, 110 young (112640K), 10 survivors (10240K)
 Metaspace       used 98305K, capacity 100852K, committed 102108K, reserved 1138688K
  class space    used 12563K, capacity 13526K, committed 13952K, reserved 1048576K
}
Event: 10.189 GC heap after
{Heap after GC invocations=18 (full 0):
 garbage-first heap   total 251904K, used 127842K [0x0000000080000000, 0x0000000100000000)
  region size 1024K, 14 young (14336K), 14 survivors (14336K)
 Metaspace       used 98305K, capacity 100852K, committed 102108K, reserved 1138688K
  class space    used 12563K, capacity 13526K, committed 13952K, reserved 1048576K
}
Event: 10.565 GC heap before
{Heap before GC invocations=19 (full 0):
 garbage-first heap   total 251904K, used 197474K [0x0000000080000000, 0x0000000100000000)
  region size 1024K, 83 young (84992K), 14 survivors (14336K)
 Metaspace       used 101743K, capacity 104520K, committed 105052K, reserved 1140736K
  class space    used 13068K, capacity 14175K, committed 14336K, reserved 1048576K
}
Event: 10.579 GC heap after
{Heap after GC invocations=20 (full 0):
 garbage-first heap   total 251904K, used 136087K [0x0000000080000000, 0x0000000100000000)
  region size 1024K, 11 young (11264K), 11 survivors (11264K)
 Metaspace       used 101743K, capacity 104520K, committed 105052K, reserved 1140736K
  class space    used 13068K, capacity 14175K, committed 14336K, reserved 1048576K
}
Event: 10.668 GC heap before
{Heap before GC invocations=20 (full 0):
 garbage-first heap   total 251904K, used 199575K [0x0000000080000000, 0x0000000100000000)
  region size 1024K, 73 young (74752K), 11 survivors (11264K)
 Metaspace       used 102820K, capacity 105817K, committed 105948K, reserved 1140736K
  class space    used 13267K, capacity 14439K, committed 14464K, reserved 1048576K
}
Event: 10.689 GC heap after
{Heap after GC invocations=21 (full 0):
 garbage-first heap   total 251904K, used 148240K [0x0000000080000000, 0x0000000100000000)
  region size 1024K, 10 young (10240K), 10 survivors (10240K)
 Metaspace       used 102820K, capacity 105817K, committed 105948K, reserved 1140736K
  class space    used 13267K, capacity 14439K, committed 14464K, reserved 1048576K
}
Event: 10.773 GC heap before
{Heap before GC invocations=21 (full 0):
 garbage-first heap   total 251904K, used 200464K [0x0000000080000000, 0x0000000100000000)
  region size 1024K, 62 young (63488K), 10 survivors (10240K)
 Metaspace       used 103904K, capacity 106904K, committed 107228K, reserved 1142784K
  class space    used 13437K, capacity 14608K, committed 14720K, reserved 1048576K
}
Event: 10.786 GC heap after
{Heap after GC invocations=22 (full 0):
 garbage-first heap   total 303104K, used 158720K [0x0000000080000000, 0x0000000100000000)
  region size 1024K, 8 young (8192K), 8 survivors (8192K)
 Metaspace       used 103904K, capacity 106904K, committed 107228K, reserved 1142784K
  class space    used 13437K, capacity 14608K, committed 14720K, reserved 1048576K
}
Event: 10.860 GC heap before
{Heap before GC invocations=23 (full 0):
 garbage-first heap   total 303104K, used 230400K [0x0000000080000000, 0x0000000100000000)
  region size 1024K, 78 young (79872K), 8 survivors (8192K)
 Metaspace       used 104318K, capacity 107254K, committed 107740K, reserved 1142784K
  class space    used 13466K, capacity 14591K, committed 14720K, reserved 1048576K
}
Event: 10.872 GC heap after
{Heap after GC invocations=24 (full 0):
 garbage-first heap   total 303104K, used 172384K [0x0000000080000000, 0x0000000100000000)
  region size 1024K, 10 young (10240K), 10 survivors (10240K)
 Metaspace       used 104318K, capacity 107254K, committed 107740K, reserved 1142784K
  class space    used 13466K, capacity 14591K, committed 14720K, reserved 1048576K
}
Event: 10.957 GC heap before
{Heap before GC invocations=24 (full 0):
 garbage-first heap   total 303104K, used 236896K [0x0000000080000000, 0x0000000100000000)
  region size 1024K, 74 young (75776K), 10 survivors (10240K)
 Metaspace       used 106018K, capacity 109358K, committed 109532K, reserved 1144832K
  class space    used 13820K, capacity 15194K, committed 15232K, reserved 1048576K
}
Event: 10.969 GC heap after
{Heap after GC invocations=25 (full 0):
 garbage-first heap   total 303104K, used 184128K [0x0000000080000000, 0x0000000100000000)
  region size 1024K, 10 young (10240K), 10 survivors (10240K)
 Metaspace       used 106018K, capacity 109358K, committed 109532K, reserved 1144832K
  class space    used 13820K, capacity 15194K, committed 15232K, reserved 1048576K
}
Event: 11.011 GC heap before
{Heap before GC invocations=25 (full 0):
 garbage-first heap   total 303104K, used 244544K [0x0000000080000000, 0x0000000100000000)
  region size 1024K, 69 young (70656K), 10 survivors (10240K)
 Metaspace       used 106226K, capacity 109581K, committed 109916K, reserved 1144832K
  class space    used 13855K, capacity 15244K, committed 15360K, reserved 1048576K
}
Event: 11.022 GC heap after
{Heap after GC invocations=26 (full 0):
 garbage-first heap   total 303104K, used 195373K [0x0000000080000000, 0x0000000100000000)
  region size 1024K, 9 young (9216K), 9 survivors (9216K)
 Metaspace       used 106226K, capacity 109581K, committed 109916K, reserved 1144832K
  class space    used 13855K, capacity 15244K, committed 15360K, reserved 1048576K
}
Event: 11.058 GC heap before
{Heap before GC invocations=26 (full 0):
 garbage-first heap   total 303104K, used 248621K [0x0000000080000000, 0x0000000100000000)
  region size 1024K, 61 young (62464K), 9 survivors (9216K)
 Metaspace       used 106462K, capacity 109828K, committed 110172K, reserved 1144832K
  class space    used 13887K, capacity 15262K, committed 15360K, reserved 1048576K
}
Event: 11.067 GC heap after
{Heap after GC invocations=27 (full 0):
 garbage-first heap   total 303104K, used 205140K [0x0000000080000000, 0x0000000100000000)
  region size 1024K, 8 young (8192K), 8 survivors (8192K)
 Metaspace       used 106462K, capacity 109828K, committed 110172K, reserved 1144832K
  class space    used 13887K, capacity 15262K, committed 15360K, reserved 1048576K
}
Event: 11.108 GC heap before
{Heap before GC invocations=27 (full 0):
 garbage-first heap   total 303104K, used 250196K [0x0000000080000000, 0x0000000100000000)
  region size 1024K, 53 young (54272K), 8 survivors (8192K)
 Metaspace       used 107011K, capacity 110416K, committed 110556K, reserved 1144832K
  class space    used 13987K, capacity 15376K, committed 15488K, reserved 1048576K
}
Event: 11.118 GC heap after
{Heap after GC invocations=28 (full 0):
 garbage-first heap   total 364544K, used 213303K [0x0000000080000000, 0x0000000100000000)
  region size 1024K, 7 young (7168K), 7 survivors (7168K)
 Metaspace       used 107011K, capacity 110416K, committed 110556K, reserved 1144832K
  class space    used 13987K, capacity 15376K, committed 15488K, reserved 1048576K
}

